Loading gcc/13.2.0-gcc-8.5.0-5hqhkwo
  Loading requirement: gcc-runtime/8.5.0-gcc-8.5.0-7fyorqa
    gmp/6.2.1-gcc-8.5.0-lrpcvy5 mpfr/4.2.1-gcc-8.5.0-ybeybcx
    mpc/1.3.1-gcc-8.5.0-cv2gjfw zlib-ng/2.1.6-gcc-8.5.0-ztbc5xt
    zstd/1.5.5-gcc-8.5.0-azepnn7
Currently Loaded Modulefiles:
 1) gcc-runtime/8.5.0-gcc-8.5.0-7fyorqa   5) zlib-ng/2.1.6-gcc-8.5.0-ztbc5xt  
 2) gmp/6.2.1-gcc-8.5.0-lrpcvy5           6) zstd/1.5.5-gcc-8.5.0-azepnn7     
 3) mpfr/4.2.1-gcc-8.5.0-ybeybcx          7) gcc/13.2.0-gcc-8.5.0-5hqhkwo     
 4) mpc/1.3.1-gcc-8.5.0-cv2gjfw          
rm -rf dotProduct
g++ -O3 -fopenmp dotProduct.cpp -o dotProduct
size:		100000		threads: 		1		serial = 		0.0115816		reduction = 		0.0116795		critical = 		0.0116372
size:		100000		threads: 		2		serial = 		0.0115816		reduction = 		0.00594065		critical = 		0.00590978
size:		100000		threads: 		4		serial = 		0.0115816		reduction = 		0.00312868		critical = 		0.00309173
size:		100000		threads: 		8		serial = 		0.0115816		reduction = 		0.00178551		critical = 		0.00179228
size:		100000		threads: 		16		serial = 		0.0115816		reduction = 		0.00788004		critical = 		0.00626146
size:		100000		threads: 		20		serial = 		0.0115816		reduction = 		0.00730222		critical = 		0.00707183
----------------------------------------
size:		1000000		threads: 		1		serial = 		0.11577		reduction = 		0.115917		critical = 		0.115911
size:		1000000		threads: 		2		serial = 		0.11577		reduction = 		0.0580856		critical = 		0.0579718
size:		1000000		threads: 		4		serial = 		0.11577		reduction = 		0.0291263		critical = 		0.029102
size:		1000000		threads: 		8		serial = 		0.11577		reduction = 		0.0148181		critical = 		0.0148417
size:		1000000		threads: 		16		serial = 		0.11577		reduction = 		0.0273677		critical = 		0.0234234
size:		1000000		threads: 		20		serial = 		0.11577		reduction = 		0.0244776		critical = 		0.0249072
----------------------------------------
size:		10000000		threads: 		1		serial = 		1.34383		reduction = 		1.34446		critical = 		1.3447
size:		10000000		threads: 		2		serial = 		1.34383		reduction = 		0.691844		critical = 		0.691563
size:		10000000		threads: 		4		serial = 		1.34383		reduction = 		0.377568		critical = 		0.377287
size:		10000000		threads: 		8		serial = 		1.34383		reduction = 		0.28315		critical = 		0.282634
size:		10000000		threads: 		16		serial = 		1.34383		reduction = 		0.329412		critical = 		0.323513
size:		10000000		threads: 		20		serial = 		1.34383		reduction = 		0.313514		critical = 		0.308164
----------------------------------------
size:		100000000		threads: 		1		serial = 		13.368		reduction = 		13.3691		critical = 		13.3692
size:		100000000		threads: 		2		serial = 		13.368		reduction = 		6.88033		critical = 		6.88073
size:		100000000		threads: 		4		serial = 		13.368		reduction = 		3.68602		critical = 		3.68385
size:		100000000		threads: 		8		serial = 		13.368		reduction = 		2.76208		critical = 		2.76452
size:		100000000		threads: 		16		serial = 		13.368		reduction = 		2.99314		critical = 		3.02078
size:		100000000		threads: 		20		serial = 		13.368		reduction = 		3.00236		critical = 		2.99828
----------------------------------------
size:		1000000000		threads: 		1		serial = 		134.124		reduction = 		134.465		critical = 		134.687
size:		1000000000		threads: 		2		serial = 		134.124		reduction = 		68.8867		critical = 		68.8914
size:		1000000000		threads: 		4		serial = 		134.124		reduction = 		36.8126		critical = 		36.8022
size:		1000000000		threads: 		8		serial = 		134.124		reduction = 		27.6574		critical = 		27.6644
size:		1000000000		threads: 		16		serial = 		134.124		reduction = 		28.4585		critical = 		28.4099
size:		1000000000		threads: 		20		serial = 		134.124		reduction = 		28.584		critical = 		28.6234
----------------------------------------
