Loading gcc/13.2.0-gcc-8.5.0-5hqhkwo
  Loading requirement: gcc-runtime/8.5.0-gcc-8.5.0-7fyorqa
    gmp/6.2.1-gcc-8.5.0-lrpcvy5 mpfr/4.2.1-gcc-8.5.0-ybeybcx
    mpc/1.3.1-gcc-8.5.0-cv2gjfw zlib-ng/2.1.6-gcc-8.5.0-ztbc5xt
    zstd/1.5.5-gcc-8.5.0-azepnn7
Currently Loaded Modulefiles:
 1) gcc-runtime/8.5.0-gcc-8.5.0-7fyorqa   5) zlib-ng/2.1.6-gcc-8.5.0-ztbc5xt  
 2) gmp/6.2.1-gcc-8.5.0-lrpcvy5           6) zstd/1.5.5-gcc-8.5.0-azepnn7     
 3) mpfr/4.2.1-gcc-8.5.0-ybeybcx          7) gcc/13.2.0-gcc-8.5.0-5hqhkwo     
 4) mpc/1.3.1-gcc-8.5.0-cv2gjfw          
rm -f *.o hist_seq hist_omp *.data
/apps/spack/opt/spack/linux-oracle8-haswell/gcc-8.5.0/gcc-13.2.0-5hqhkwos6l3mv7jxsxpwiab7zpjpimxr/bin/g++ -c -O3 -fopenmp hist_seq.cpp
/apps/spack/opt/spack/linux-oracle8-haswell/gcc-8.5.0/gcc-13.2.0-5hqhkwos6l3mv7jxsxpwiab7zpjpimxr/bin/g++ -c -O3 -fopenmp walltime.c
/apps/spack/opt/spack/linux-oracle8-haswell/gcc-8.5.0/gcc-13.2.0-5hqhkwos6l3mv7jxsxpwiab7zpjpimxr/bin/g++ -O3 -fopenmp hist_seq.o walltime.o -o hist_seq
/apps/spack/opt/spack/linux-oracle8-haswell/gcc-8.5.0/gcc-13.2.0-5hqhkwos6l3mv7jxsxpwiab7zpjpimxr/bin/g++ -c -O3 -fopenmp hist_omp.cpp
/apps/spack/opt/spack/linux-oracle8-haswell/gcc-8.5.0/gcc-13.2.0-5hqhkwos6l3mv7jxsxpwiab7zpjpimxr/bin/g++ -O3 -fopenmp hist_omp.o walltime.o -o hist_omp
=== Strong scaling ========================
dist[0]=93
dist[1]=3285
dist[2]=85350
dist[3]=1260714
dist[4]=10871742
dist[5]=54586161
dist[6]=159818689
dist[7]=273378693
dist[8]=273376199
dist[9]=159818437
dist[10]=54574824
dist[11]=10876078
dist[12]=1261215
dist[13]=85046
dist[14]=3397
dist[15]=77
Time: 0.831921 sec
dist[0]=93
dist[1]=3285
dist[2]=85113
dist[3]=1205957
dist[4]=8210032
dist[5]=30273912
dist[6]=80576867
dist[7]=136737248
dist[8]=136700182
dist[9]=80579684
dist[10]=29930729
dist[11]=8385695
dist[12]=1213260
dist[13]=84805
dist[14]=3397
dist[15]=77
Time: 2.23311 sec
dist[0]=93
dist[1]=3285
dist[2]=85008
dist[3]=1193318
dist[4]=7691630
dist[5]=23063916
dist[6]=53827711
dist[7]=87158098
dist[8]=87192649
dist[9]=53806506
dist[10]=23071904
dist[11]=7692747
dist[12]=1192086
dist[13]=84716
dist[14]=3397
dist[15]=77
Time: 1.57463 sec
dist[0]=93
dist[1]=3285
dist[2]=83687
dist[3]=983177
dist[4]=3636954
dist[5]=9362395
dist[6]=24693139
dist[7]=41873939
dist[8]=41836218
dist[9]=24695089
dist[10]=9113292
dist[11]=3307465
dist[12]=943162
dist[13]=83121
dist[14]=3395
dist[15]=77
Time: 2.98657 sec
dist[0]=93
dist[1]=3278
dist[2]=81307
dist[3]=749052
dist[4]=1914931
dist[5]=4463806
dist[6]=11939780
dist[7]=20169440
dist[8]=20154024
dist[9]=11936403
dist[10]=4777370
dist[11]=2151646
dist[12]=794412
dist[13]=81594
dist[14]=3389
dist[15]=77
Time: 7.75922 sec
dist[0]=93
dist[1]=3278
dist[2]=81453
dist[3]=756553
dist[4]=1998139
dist[5]=4526444
dist[6]=11631338
dist[7]=19740076
dist[8]=19709216
dist[9]=11634539
dist[10]=4275997
dist[11]=1775120
dist[12]=708990
dist[13]=80454
dist[14]=3391
dist[15]=77
Time: 7.65376 sec
dist[0]=93
dist[1]=3280
dist[2]=79796
dist[3]=652213
dist[4]=1601753
dist[5]=4011834
dist[6]=10859125
dist[7]=18420517
dist[8]=18422183
dist[9]=10871522
dist[10]=4177060
dist[11]=1785009
dist[12]=696199
dist[13]=80462
dist[14]=3389
dist[15]=77
Time: 9.54872 sec
dist[0]=93
dist[1]=3282
dist[2]=80715
dist[3]=703519
dist[4]=1709535
dist[5]=3736611
dist[6]=9662719
dist[7]=16662290
dist[8]=16682464
dist[9]=9673103
dist[10]=3738527
dist[11]=1719197
dist[12]=706229
dist[13]=80470
dist[14]=3393
dist[15]=77
Time: 31.8067 sec
