Loading gcc/13.2.0-gcc-8.5.0-5hqhkwo
  Loading requirement: gcc-runtime/8.5.0-gcc-8.5.0-7fyorqa
    gmp/6.2.1-gcc-8.5.0-lrpcvy5 mpfr/4.2.1-gcc-8.5.0-ybeybcx
    mpc/1.3.1-gcc-8.5.0-cv2gjfw zlib-ng/2.1.6-gcc-8.5.0-ztbc5xt
    zstd/1.5.5-gcc-8.5.0-azepnn7

Loading openmpi/5.0.5
  Loading requirement: ucx/1.15.0-gcc-8.5.0-cnozz5i
Currently Loaded Modulefiles:
 1) gcc-runtime/8.5.0-gcc-8.5.0-7fyorqa   6) zstd/1.5.5-gcc-8.5.0-azepnn7  
 2) gmp/6.2.1-gcc-8.5.0-lrpcvy5           7) gcc/13.2.0-gcc-8.5.0-5hqhkwo  
 3) mpfr/4.2.1-gcc-8.5.0-ybeybcx          8) ucx/1.15.0-gcc-8.5.0-cnozz5i  
 4) mpc/1.3.1-gcc-8.5.0-cv2gjfw           9) openmpi/5.0.5                 
 5) zlib-ng/2.1.6-gcc-8.5.0-ztbc5xt      
rm -f mpi_io  output.*
mpicc -Wall mpi_io.c -o mpi_io
[Process 11 ( 2,  3)] global dims: 100 x 100; local dims: 25 x 25 (50:74, 75:99);
[Process 12 ( 3,  0)] global dims: 100 x 100; local dims: 25 x 25 (75:99, 0:24);
[Process  8 ( 2,  0)] global dims: 100 x 100; local dims: 25 x 25 (50:74, 0:24);
[Process 10 ( 2,  2)] global dims: 100 x 100; local dims: 25 x 25 (50:74, 50:74);
[Process  5 ( 1,  1)] global dims: 100 x 100; local dims: 25 x 25 (25:49, 25:49);
[Process 14 ( 3,  2)] global dims: 100 x 100; local dims: 25 x 25 (75:99, 50:74);
[Process 13 ( 3,  1)] global dims: 100 x 100; local dims: 25 x 25 (75:99, 25:49);
[Process  4 ( 1,  0)] global dims: 100 x 100; local dims: 25 x 25 (25:49, 0:24);
[Process 15 ( 3,  3)] global dims: 100 x 100; local dims: 25 x 25 (75:99, 75:99);
[Process  7 ( 1,  3)] global dims: 100 x 100; local dims: 25 x 25 (25:49, 75:99);
[Process  3 ( 0,  3)] global dims: 100 x 100; local dims: 25 x 25 (0:24, 75:99);
[Process  2 ( 0,  2)] global dims: 100 x 100; local dims: 25 x 25 (0:24, 50:74);
[Process  9 ( 2,  1)] global dims: 100 x 100; local dims: 25 x 25 (50:74, 25:49);
[Process  6 ( 1,  2)] global dims: 100 x 100; local dims: 25 x 25 (25:49, 50:74);
[Process  0 ( 0,  0)] global dims: 100 x 100; local dims: 25 x 25 (0:24, 0:24);
[Process  1 ( 0,  1)] global dims: 100 x 100; local dims: 25 x 25 (0:24, 25:49);
