Currently Loaded Modulefiles:
 1) gcc-runtime/8.5.0-gcc-8.5.0-7fyorqa          
 2) gmp/6.2.1-gcc-8.5.0-lrpcvy5                  
 3) mpfr/4.2.1-gcc-8.5.0-ybeybcx                 
 4) mpc/1.3.1-gcc-8.5.0-cv2gjfw                  
 5) zlib-ng/2.1.6-gcc-8.5.0-ztbc5xt              
 6) zstd/1.5.5-gcc-8.5.0-azepnn7                 
 7) gcc/13.2.0-gcc-8.5.0-5hqhkwo                 
 8) libpciaccess/0.17-gcc-8.5.0-ng764nd          
 9) libiconv/1.17-gcc-8.5.0-rznbc3y              
10) xz/5.4.6-gcc-8.5.0-lmjjipf                   
11) libxml2/2.10.3-gcc-8.5.0-7kur2mf             
12) ncurses/6.4-gcc-8.5.0-njp6ntc                
13) hwloc/2.9.1-gcc-8.5.0-adhoagt                
14) intel-tbb/2021.9.0-gcc-8.5.0-momvuhw         
15) intel-oneapi-mkl/2024.0.0-gcc-8.5.0-3sxfbl3  
==== benchmark-naive ======================
# Description:	Naive, three-loop dgemm.

Size:       31	Gflop/s:     1.56	Percentage:    4.24
Size:       32	Gflop/s:     1.40	Percentage:    3.79
Size:       96	Gflop/s:     1.12	Percentage:    3.05
Size:       97	Gflop/s:     1.25	Percentage:    3.39
Size:      127	Gflop/s:     1.19	Percentage:    3.24
Size:      128	Gflop/s:     1.06	Percentage:    2.88
Size:      129	Gflop/s:     1.19	Percentage:    3.24
Size:      191	Gflop/s:     1.10	Percentage:    3.00
Size:      192	Gflop/s:     1.06	Percentage:    2.89
Size:      229	Gflop/s:     1.09	Percentage:    2.97
Size:      255	Gflop/s:     1.09	Percentage:    2.95
Size:      256	Gflop/s:     0.75	Percentage:    2.04
Size:      257	Gflop/s:     1.09	Percentage:    2.95
Size:      319	Gflop/s:     1.06	Percentage:    2.89
Size:      320	Gflop/s:     1.05	Percentage:    2.84
Size:      321	Gflop/s:     1.06	Percentage:    2.89
Size:      417	Gflop/s:     1.06	Percentage:    2.88
Size:      479	Gflop/s:     1.06	Percentage:    2.87
Size:      480	Gflop/s:     1.05	Percentage:    2.85
Size:      511	Gflop/s:     1.05	Percentage:    2.86
Size:      512	Gflop/s:     0.63	Percentage:    1.71
Size:      639	Gflop/s:     1.05	Percentage:    2.85
Size:      640	Gflop/s:     0.78	Percentage:    2.11
Size:      767	Gflop/s:     1.05	Percentage:    2.85
Size:      768	Gflop/s:     0.76	Percentage:    2.07
Size:      769	Gflop/s:     1.05	Percentage:    2.85
Size:      800	Gflop/s:     1.04	Percentage:    2.83
Size:      900	Gflop/s:     1.05	Percentage:    2.84
Size:     1000	Gflop/s:     1.04	Percentage:    2.84
Size:     1100	Gflop/s:     1.04	Percentage:    2.83
Size:     1200	Gflop/s:     1.04	Percentage:    2.83
# Average percentage of peak performance = 2.88121

==== benchmark-blas =======================
# Description:	Reference dgemm.

Size:       31	Gflop/s:    25.56	Percentage:   69.44
Size:       32	Gflop/s:    28.14	Percentage:   76.46
Size:       96	Gflop/s:    31.70	Percentage:   86.14
Size:       97	Gflop/s:    31.58	Percentage:   85.82
Size:      127	Gflop/s:    29.99	Percentage:   81.48
Size:      128	Gflop/s:    31.74	Percentage:   86.24
Size:      129	Gflop/s:    31.32	Percentage:   85.10
Size:      191	Gflop/s:    31.85	Percentage:   86.55
Size:      192	Gflop/s:    34.57	Percentage:   93.93
Size:      229	Gflop/s:    34.37	Percentage:   93.40
Size:      255	Gflop/s:    33.64	Percentage:   91.42
Size:      256	Gflop/s:    34.65	Percentage:   94.16
Size:      257	Gflop/s:    33.43	Percentage:   90.85
Size:      319	Gflop/s:    34.18	Percentage:   92.87
Size:      320	Gflop/s:    35.55	Percentage:   96.61
Size:      321	Gflop/s:    35.30	Percentage:   95.92
Size:      417	Gflop/s:    35.87	Percentage:   97.47
Size:      479	Gflop/s:    36.00	Percentage:   97.83
Size:      480	Gflop/s:    37.11	Percentage:  100.85
Size:      511	Gflop/s:    35.04	Percentage:   95.22
Size:      512	Gflop/s:    35.30	Percentage:   95.93
Size:      639	Gflop/s:    36.78	Percentage:   99.95
Size:      640	Gflop/s:    37.24	Percentage:  101.19
Size:      767	Gflop/s:    36.89	Percentage:  100.25
Size:      768	Gflop/s:    37.70	Percentage:  102.45
Size:      769	Gflop/s:    36.64	Percentage:   99.57
Size:      800	Gflop/s:    37.73	Percentage:  102.52
Size:      900	Gflop/s:    37.78	Percentage:  102.65
Size:     1000	Gflop/s:    37.66	Percentage:  102.34
Size:     1100	Gflop/s:    37.35	Percentage:  101.50
Size:     1200	Gflop/s:    37.64	Percentage:  102.28
# Average percentage of peak performance = 93.8193

==== benchmark-blocked ====================
# Description:	Blocked dgemm.

Size:       31	Gflop/s:     4.61	Percentage:   12.53
Size:       32	Gflop/s:     6.18	Percentage:   16.80
Size:       96	Gflop/s:     6.17	Percentage:   16.75
Size:       97	Gflop/s:     6.19	Percentage:   16.82
Size:      127	Gflop/s:     5.69	Percentage:   15.47
Size:      128	Gflop/s:     5.37	Percentage:   14.60
Size:      129	Gflop/s:     5.53	Percentage:   15.03
Size:      191	Gflop/s:     5.99	Percentage:   16.27
Size:      192	Gflop/s:     6.02	Percentage:   16.35
Size:      229	Gflop/s:     6.26	Percentage:   17.02
Size:      255	Gflop/s:     6.02	Percentage:   16.35
Size:      256	Gflop/s:     5.38	Percentage:   14.61
Size:      257	Gflop/s:     5.56	Percentage:   15.11
Size:      319	Gflop/s:     6.02	Percentage:   16.36
Size:      320	Gflop/s:     6.02	Percentage:   16.35
Size:      321	Gflop/s:     5.97	Percentage:   16.22
Size:      417	Gflop/s:     6.16	Percentage:   16.75
Size:      479	Gflop/s:     6.18	Percentage:   16.81
Size:      480	Gflop/s:     5.93	Percentage:   16.10
Size:      511	Gflop/s:     5.44	Percentage:   14.78
Size:      512	Gflop/s:     4.50	Percentage:   12.24
Size:      639	Gflop/s:     6.02	Percentage:   16.37
Size:      640	Gflop/s:     5.38	Percentage:   14.63
Size:      767	Gflop/s:     5.91	Percentage:   16.05
Size:      768	Gflop/s:     5.32	Percentage:   14.46
Size:      769	Gflop/s:     5.84	Percentage:   15.87
Size:      800	Gflop/s:     5.96	Percentage:   16.21
Size:      900	Gflop/s:     5.67	Percentage:   15.40
Size:     1000	Gflop/s:     5.59	Percentage:   15.18
Size:     1100	Gflop/s:     5.70	Percentage:   15.49
Size:     1200	Gflop/s:     5.85	Percentage:   15.90
# Average percentage of peak performance = 15.6413

==== plot results =========================
