Currently Loaded Modulefiles:
 1) gcc-runtime/8.5.0-gcc-8.5.0-7fyorqa          
 2) gmp/6.2.1-gcc-8.5.0-lrpcvy5                  
 3) mpfr/4.2.1-gcc-8.5.0-ybeybcx                 
 4) mpc/1.3.1-gcc-8.5.0-cv2gjfw                  
 5) zlib-ng/2.1.6-gcc-8.5.0-ztbc5xt              
 6) zstd/1.5.5-gcc-8.5.0-azepnn7                 
 7) gcc/13.2.0-gcc-8.5.0-5hqhkwo                 
 8) libpciaccess/0.17-gcc-8.5.0-ng764nd          
 9) libiconv/1.17-gcc-8.5.0-rznbc3y              
10) xz/5.4.6-gcc-8.5.0-lmjjipf                   
11) libxml2/2.10.3-gcc-8.5.0-7kur2mf             
12) ncurses/6.4-gcc-8.5.0-njp6ntc                
13) hwloc/2.9.1-gcc-8.5.0-adhoagt                
14) intel-tbb/2021.9.0-gcc-8.5.0-momvuhw         
15) intel-oneapi-mkl/2024.0.0-gcc-8.5.0-3sxfbl3  
==== benchmark-naive ======================
# Description:	Naive, three-loop dgemm.

Size:       31	Gflop/s:     1.52	Percentage:    4.12
Size:       32	Gflop/s:     1.33	Percentage:    3.62
Size:       96	Gflop/s:     1.12	Percentage:    3.04
Size:       97	Gflop/s:     1.23	Percentage:    3.35
Size:      127	Gflop/s:     1.18	Percentage:    3.21
Size:      128	Gflop/s:     1.06	Percentage:    2.89
Size:      129	Gflop/s:     1.18	Percentage:    3.22
Size:      191	Gflop/s:     1.11	Percentage:    3.02
Size:      192	Gflop/s:     1.06	Percentage:    2.88
Size:      229	Gflop/s:     1.10	Percentage:    2.98
Size:      255	Gflop/s:     1.08	Percentage:    2.94
Size:      256	Gflop/s:     0.75	Percentage:    2.03
Size:      257	Gflop/s:     1.08	Percentage:    2.94
Size:      319	Gflop/s:     1.06	Percentage:    2.89
Size:      320	Gflop/s:     1.05	Percentage:    2.85
Size:      321	Gflop/s:     1.06	Percentage:    2.89
Size:      417	Gflop/s:     1.06	Percentage:    2.87
Size:      479	Gflop/s:     1.05	Percentage:    2.87
Size:      480	Gflop/s:     1.05	Percentage:    2.85
Size:      511	Gflop/s:     1.05	Percentage:    2.86
Size:      512	Gflop/s:     0.63	Percentage:    1.72
Size:      639	Gflop/s:     1.05	Percentage:    2.85
Size:      640	Gflop/s:     0.78	Percentage:    2.11
Size:      767	Gflop/s:     1.05	Percentage:    2.85
Size:      768	Gflop/s:     0.76	Percentage:    2.07
Size:      769	Gflop/s:     1.05	Percentage:    2.85
Size:      800	Gflop/s:     1.04	Percentage:    2.83
Size:      900	Gflop/s:     1.05	Percentage:    2.84
Size:     1000	Gflop/s:     1.04	Percentage:    2.84
Size:     1100	Gflop/s:     1.04	Percentage:    2.83
Size:     1200	Gflop/s:     1.04	Percentage:    2.83
# Average percentage of peak performance = 2.86854

==== benchmark-blas =======================
# Description:	Reference dgemm.

Size:       31	Gflop/s:    25.57	Percentage:   69.49
Size:       32	Gflop/s:    28.19	Percentage:   76.59
Size:       96	Gflop/s:    32.42	Percentage:   88.09
Size:       97	Gflop/s:    31.60	Percentage:   85.87
Size:      127	Gflop/s:    29.71	Percentage:   80.73
Size:      128	Gflop/s:    31.75	Percentage:   86.29
Size:      129	Gflop/s:    31.37	Percentage:   85.24
Size:      191	Gflop/s:    32.03	Percentage:   87.04
Size:      192	Gflop/s:    34.53	Percentage:   93.82
Size:      229	Gflop/s:    34.36	Percentage:   93.36
Size:      255	Gflop/s:    33.61	Percentage:   91.34
Size:      256	Gflop/s:    34.60	Percentage:   94.03
Size:      257	Gflop/s:    33.40	Percentage:   90.77
Size:      319	Gflop/s:    34.12	Percentage:   92.71
Size:      320	Gflop/s:    35.53	Percentage:   96.54
Size:      321	Gflop/s:    35.23	Percentage:   95.74
Size:      417	Gflop/s:    35.93	Percentage:   97.63
Size:      479	Gflop/s:    36.02	Percentage:   97.89
Size:      480	Gflop/s:    37.14	Percentage:  100.91
Size:      511	Gflop/s:    35.10	Percentage:   95.37
Size:      512	Gflop/s:    35.33	Percentage:   95.99
Size:      639	Gflop/s:    36.84	Percentage:  100.10
Size:      640	Gflop/s:    37.23	Percentage:  101.17
Size:      767	Gflop/s:    37.00	Percentage:  100.54
Size:      768	Gflop/s:    37.73	Percentage:  102.53
Size:      769	Gflop/s:    36.68	Percentage:   99.67
Size:      800	Gflop/s:    37.77	Percentage:  102.62
Size:      900	Gflop/s:    37.79	Percentage:  102.69
Size:     1000	Gflop/s:    37.70	Percentage:  102.44
Size:     1100	Gflop/s:    37.40	Percentage:  101.63
Size:     1200	Gflop/s:    37.65	Percentage:  102.31
# Average percentage of peak performance = 93.9093

==== benchmark-blocked ====================
# Description:	Blocked dgemm.

Size:       31	Gflop/s:     1.57	Percentage:    4.26
Size:       32	Gflop/s:     1.39	Percentage:    3.78
Size:       96	Gflop/s:     1.13	Percentage:    3.07
Size:       97	Gflop/s:     1.25	Percentage:    3.39
Size:      127	Gflop/s:     1.19	Percentage:    3.24
Size:      128	Gflop/s:     1.06	Percentage:    2.88
Size:      129	Gflop/s:     1.19	Percentage:    3.24
Size:      191	Gflop/s:     1.11	Percentage:    3.01
Size:      192	Gflop/s:     1.06	Percentage:    2.88
Size:      229	Gflop/s:     1.09	Percentage:    2.97
Size:      255	Gflop/s:     1.09	Percentage:    2.95
Size:      256	Gflop/s:     0.75	Percentage:    2.04
Size:      257	Gflop/s:     1.09	Percentage:    2.95
Size:      319	Gflop/s:     1.06	Percentage:    2.89
Size:      320	Gflop/s:     1.05	Percentage:    2.84
Size:      321	Gflop/s:     1.06	Percentage:    2.89
Size:      417	Gflop/s:     1.06	Percentage:    2.87
Size:      479	Gflop/s:     1.05	Percentage:    2.87
Size:      480	Gflop/s:     1.05	Percentage:    2.85
Size:      511	Gflop/s:     1.05	Percentage:    2.86
Size:      512	Gflop/s:     0.62	Percentage:    1.68
Size:      639	Gflop/s:     1.05	Percentage:    2.85
Size:      640	Gflop/s:     0.78	Percentage:    2.11
Size:      767	Gflop/s:     1.05	Percentage:    2.85
Size:      768	Gflop/s:     0.76	Percentage:    2.06
Size:      769	Gflop/s:     1.05	Percentage:    2.85
Size:      800	Gflop/s:     1.04	Percentage:    2.83
Size:      900	Gflop/s:     1.05	Percentage:    2.84
Size:     1000	Gflop/s:     1.04	Percentage:    2.83
Size:     1100	Gflop/s:     1.04	Percentage:    2.83
Size:     1200	Gflop/s:     1.04	Percentage:    2.83
# Average percentage of peak performance = 2.88057

==== plot results =========================
