Currently Loaded Modulefiles:
 1) gcc-runtime/8.5.0-gcc-8.5.0-7fyorqa          
 2) gmp/6.2.1-gcc-8.5.0-lrpcvy5                  
 3) mpfr/4.2.1-gcc-8.5.0-ybeybcx                 
 4) mpc/1.3.1-gcc-8.5.0-cv2gjfw                  
 5) zlib-ng/2.1.6-gcc-8.5.0-ztbc5xt              
 6) zstd/1.5.5-gcc-8.5.0-azepnn7                 
 7) gcc/13.2.0-gcc-8.5.0-5hqhkwo                 
 8) libpciaccess/0.17-gcc-8.5.0-ng764nd          
 9) libiconv/1.17-gcc-8.5.0-rznbc3y              
10) xz/5.4.6-gcc-8.5.0-lmjjipf                   
11) libxml2/2.10.3-gcc-8.5.0-7kur2mf             
12) ncurses/6.4-gcc-8.5.0-njp6ntc                
13) hwloc/2.9.1-gcc-8.5.0-adhoagt                
14) intel-tbb/2021.9.0-gcc-8.5.0-momvuhw         
15) intel-oneapi-mkl/2024.0.0-gcc-8.5.0-3sxfbl3  
==== benchmark-naive ======================
# Description:	Naive, three-loop dgemm.

Size:       31	Gflop/s:     1.56	Percentage:    4.23
Size:       32	Gflop/s:     1.39	Percentage:    3.77
Size:       96	Gflop/s:     1.13	Percentage:    3.06
Size:       97	Gflop/s:     1.25	Percentage:    3.39
Size:      127	Gflop/s:     1.19	Percentage:    3.24
Size:      128	Gflop/s:     1.06	Percentage:    2.89
Size:      129	Gflop/s:     1.19	Percentage:    3.24
Size:      191	Gflop/s:     1.11	Percentage:    3.01
Size:      192	Gflop/s:     1.07	Percentage:    2.90
Size:      229	Gflop/s:     1.09	Percentage:    2.97
Size:      255	Gflop/s:     1.09	Percentage:    2.96
Size:      256	Gflop/s:     0.76	Percentage:    2.06
Size:      257	Gflop/s:     1.09	Percentage:    2.95
Size:      319	Gflop/s:     1.06	Percentage:    2.89
Size:      320	Gflop/s:     1.05	Percentage:    2.86
Size:      321	Gflop/s:     1.06	Percentage:    2.89
Size:      417	Gflop/s:     1.06	Percentage:    2.88
Size:      479	Gflop/s:     1.06	Percentage:    2.87
Size:      480	Gflop/s:     1.05	Percentage:    2.85
Size:      511	Gflop/s:     1.05	Percentage:    2.86
Size:      512	Gflop/s:     0.65	Percentage:    1.76
Size:      639	Gflop/s:     1.05	Percentage:    2.85
Size:      640	Gflop/s:     0.78	Percentage:    2.12
Size:      767	Gflop/s:     1.05	Percentage:    2.85
Size:      768	Gflop/s:     0.76	Percentage:    2.08
Size:      769	Gflop/s:     1.05	Percentage:    2.85
Size:      800	Gflop/s:     1.04	Percentage:    2.83
Size:      900	Gflop/s:     1.05	Percentage:    2.84
Size:     1000	Gflop/s:     1.04	Percentage:    2.84
Size:     1100	Gflop/s:     1.04	Percentage:    2.83
Size:     1200	Gflop/s:     1.04	Percentage:    2.83
# Average percentage of peak performance = 2.88611

==== benchmark-blas =======================
# Description:	Reference dgemm.

Size:       31	Gflop/s:    25.57	Percentage:   69.48
Size:       32	Gflop/s:    28.18	Percentage:   76.56
Size:       96	Gflop/s:    32.30	Percentage:   87.78
Size:       97	Gflop/s:    31.45	Percentage:   85.46
Size:      127	Gflop/s:    30.00	Percentage:   81.52
Size:      128	Gflop/s:    31.68	Percentage:   86.10
Size:      129	Gflop/s:    31.33	Percentage:   85.13
Size:      191	Gflop/s:    32.03	Percentage:   87.05
Size:      192	Gflop/s:    34.51	Percentage:   93.78
Size:      229	Gflop/s:    34.33	Percentage:   93.30
Size:      255	Gflop/s:    33.69	Percentage:   91.54
Size:      256	Gflop/s:    34.62	Percentage:   94.09
Size:      257	Gflop/s:    33.39	Percentage:   90.74
Size:      319	Gflop/s:    34.07	Percentage:   92.58
Size:      320	Gflop/s:    35.49	Percentage:   96.44
Size:      321	Gflop/s:    35.20	Percentage:   95.66
Size:      417	Gflop/s:    35.87	Percentage:   97.47
Size:      479	Gflop/s:    36.00	Percentage:   97.82
Size:      480	Gflop/s:    37.11	Percentage:  100.85
Size:      511	Gflop/s:    35.04	Percentage:   95.22
Size:      512	Gflop/s:    35.31	Percentage:   95.96
Size:      639	Gflop/s:    36.77	Percentage:   99.92
Size:      640	Gflop/s:    37.25	Percentage:  101.22
Size:      767	Gflop/s:    36.91	Percentage:  100.30
Size:      768	Gflop/s:    37.66	Percentage:  102.33
Size:      769	Gflop/s:    36.63	Percentage:   99.55
Size:      800	Gflop/s:    37.72	Percentage:  102.51
Size:      900	Gflop/s:    37.71	Percentage:  102.48
Size:     1000	Gflop/s:    37.67	Percentage:  102.36
Size:     1100	Gflop/s:    37.29	Percentage:  101.32
Size:     1200	Gflop/s:    37.63	Percentage:  102.27
# Average percentage of peak performance = 93.8318

==== benchmark-blocked ====================
# Description:	Blocked dgemm.

Size:       31	Gflop/s:     6.13	Percentage:   16.67
Size:       32	Gflop/s:     9.21	Percentage:   25.02
Size:       96	Gflop/s:    11.35	Percentage:   30.84
Size:       97	Gflop/s:    10.99	Percentage:   29.87
Size:      127	Gflop/s:    11.46	Percentage:   31.14
Size:      128	Gflop/s:    12.44	Percentage:   33.79
Size:      129	Gflop/s:    10.30	Percentage:   27.98
Size:      191	Gflop/s:    11.91	Percentage:   32.37
Size:      192	Gflop/s:    12.56	Percentage:   34.13
Size:      229	Gflop/s:    12.05	Percentage:   32.75
Size:      255	Gflop/s:    12.28	Percentage:   33.38
Size:      256	Gflop/s:    12.75	Percentage:   34.65
Size:      257	Gflop/s:    11.59	Percentage:   31.49
Size:      319	Gflop/s:    12.44	Percentage:   33.79
Size:      320	Gflop/s:    12.80	Percentage:   34.77
Size:      321	Gflop/s:    11.88	Percentage:   32.27
Size:      417	Gflop/s:    12.64	Percentage:   34.34
Size:      479	Gflop/s:    12.60	Percentage:   34.24
Size:      480	Gflop/s:    12.95	Percentage:   35.18
Size:      511	Gflop/s:    12.82	Percentage:   34.84
Size:      512	Gflop/s:    13.02	Percentage:   35.38
Size:      639	Gflop/s:    13.05	Percentage:   35.45
Size:      640	Gflop/s:    13.23	Percentage:   35.96
Size:      767	Gflop/s:    13.35	Percentage:   36.27
Size:      768	Gflop/s:    13.26	Percentage:   36.04
Size:      769	Gflop/s:    12.84	Percentage:   34.89
Size:      800	Gflop/s:    13.23	Percentage:   35.95
Size:      900	Gflop/s:    12.96	Percentage:   35.22
Size:     1000	Gflop/s:    13.28	Percentage:   36.09
Size:     1100	Gflop/s:    13.10	Percentage:   35.59
Size:     1200	Gflop/s:    13.30	Percentage:   36.13
# Average percentage of peak performance = 33.1122

==== plot results =========================
