Loading gcc/13.2.0-gcc-8.5.0-5hqhkwo
  Loading requirement: gcc-runtime/8.5.0-gcc-8.5.0-7fyorqa
    gmp/6.2.1-gcc-8.5.0-lrpcvy5 mpfr/4.2.1-gcc-8.5.0-ybeybcx
    mpc/1.3.1-gcc-8.5.0-cv2gjfw zlib-ng/2.1.6-gcc-8.5.0-ztbc5xt
    zstd/1.5.5-gcc-8.5.0-azepnn7
Currently Loaded Modulefiles:
 1) gcc-runtime/8.5.0-gcc-8.5.0-7fyorqa   5) zlib-ng/2.1.6-gcc-8.5.0-ztbc5xt  
 2) gmp/6.2.1-gcc-8.5.0-lrpcvy5           6) zstd/1.5.5-gcc-8.5.0-azepnn7     
 3) mpfr/4.2.1-gcc-8.5.0-ybeybcx          7) gcc/13.2.0-gcc-8.5.0-5hqhkwo     
 4) mpc/1.3.1-gcc-8.5.0-cv2gjfw          
rm -f *.o mandel_seq
/apps/spack/opt/spack/linux-oracle8-haswell/gcc-8.5.0/gcc-13.2.0-5hqhkwos6l3mv7jxsxpwiab7zpjpimxr/bin/gcc -c -O3 -fopenmp  mandel_seq.c
/apps/spack/opt/spack/linux-oracle8-haswell/gcc-8.5.0/gcc-13.2.0-5hqhkwos6l3mv7jxsxpwiab7zpjpimxr/bin/gcc -c -O3 -fopenmp  pngwriter.c
/apps/spack/opt/spack/linux-oracle8-haswell/gcc-8.5.0/gcc-13.2.0-5hqhkwos6l3mv7jxsxpwiab7zpjpimxr/bin/gcc -c -O3 -fopenmp  walltime.c
/apps/spack/opt/spack/linux-oracle8-haswell/gcc-8.5.0/gcc-13.2.0-5hqhkwos6l3mv7jxsxpwiab7zpjpimxr/bin/gcc -O3 -fopenmp  mandel_seq.o pngwriter.o walltime.o -lpng -o mandel_seq
number of threads: 1
Total time:                 156.278 seconds
Image size:                 4096 x 4096 = 16777216 Pixels
Total number of iterations: 32345672629
Avg. time per pixel:        9.31489e-06 seconds
Avg. time per iteration:    4.83149e-09 seconds
Iterations/second:          2.06975e+08
MFlop/s:                    1655.8
---------NEXT THREAD VALUE--------
number of threads: 2
Total time:                 78.5465 seconds
Image size:                 4096 x 4096 = 16777216 Pixels
Total number of iterations: 32345672629
Avg. time per pixel:        4.68174e-06 seconds
Avg. time per iteration:    2.42835e-09 seconds
Iterations/second:          4.11803e+08
MFlop/s:                    3294.42
---------NEXT THREAD VALUE--------
number of threads: 4
Total time:                 39.5178 seconds
Image size:                 4096 x 4096 = 16777216 Pixels
Total number of iterations: 32345672629
Avg. time per pixel:        2.35544e-06 seconds
Avg. time per iteration:    1.22173e-09 seconds
Iterations/second:          8.18509e+08
MFlop/s:                    6548.08
---------NEXT THREAD VALUE--------
number of threads: 8
Total time:                 19.9762 seconds
Image size:                 4096 x 4096 = 16777216 Pixels
Total number of iterations: 32345672629
Avg. time per pixel:        1.19067e-06 seconds
Avg. time per iteration:    6.17584e-10 seconds
Iterations/second:          1.61921e+09
MFlop/s:                    12953.7
---------NEXT THREAD VALUE--------
number of threads: 16
Total time:                 19.9799 seconds
Image size:                 4096 x 4096 = 16777216 Pixels
Total number of iterations: 32345672629
Avg. time per pixel:        1.1909e-06 seconds
Avg. time per iteration:    6.17701e-10 seconds
Iterations/second:          1.61891e+09
MFlop/s:                    12951.3
---------NEXT THREAD VALUE--------
number of threads: 20
Total time:                 19.9959 seconds
Image size:                 4096 x 4096 = 16777216 Pixels
Total number of iterations: 32345672629
Avg. time per pixel:        1.19185e-06 seconds
Avg. time per iteration:    6.18193e-10 seconds
Iterations/second:          1.61762e+09
MFlop/s:                    12940.9
---------NEXT THREAD VALUE--------
