Loading gcc/13.2.0-gcc-8.5.0-5hqhkwo
  Loading requirement: gcc-runtime/8.5.0-gcc-8.5.0-7fyorqa
    gmp/6.2.1-gcc-8.5.0-lrpcvy5 mpfr/4.2.1-gcc-8.5.0-ybeybcx
    mpc/1.3.1-gcc-8.5.0-cv2gjfw zlib-ng/2.1.6-gcc-8.5.0-ztbc5xt
    zstd/1.5.5-gcc-8.5.0-azepnn7

Loading openmpi/5.0.5
  Loading requirement: ucx/1.15.0-gcc-8.5.0-cnozz5i
Currently Loaded Modulefiles:
 1) gcc-runtime/8.5.0-gcc-8.5.0-7fyorqa   6) zstd/1.5.5-gcc-8.5.0-azepnn7  
 2) gmp/6.2.1-gcc-8.5.0-lrpcvy5           7) gcc/13.2.0-gcc-8.5.0-5hqhkwo  
 3) mpfr/4.2.1-gcc-8.5.0-ybeybcx          8) ucx/1.15.0-gcc-8.5.0-cnozz5i  
 4) mpc/1.3.1-gcc-8.5.0-cv2gjfw           9) openmpi/5.0.5                 
 5) zlib-ng/2.1.6-gcc-8.5.0-ztbc5xt      
rm -f ghost ghost_angles
mpicc  ghost.c -o ghost
mpicc  ghost_angles.c -o ghost_angles
data of rank 9 after communication
 4.0  5.0  5.0  5.0  5.0  5.0  5.0  6.0 
 8.0  9.0  9.0  9.0  9.0  9.0  9.0 10.0 
 8.0  9.0  9.0  9.0  9.0  9.0  9.0 10.0 
 8.0  9.0  9.0  9.0  9.0  9.0  9.0 10.0 
 8.0  9.0  9.0  9.0  9.0  9.0  9.0 10.0 
 8.0  9.0  9.0  9.0  9.0  9.0  9.0 10.0 
 8.0  9.0  9.0  9.0  9.0  9.0  9.0 10.0 
12.0 13.0 13.0 13.0 13.0 13.0 13.0 14.0 
