No Modulefiles Currently Loaded.
Loading gcc/13.2.0-gcc-8.5.0-5hqhkwo
  Loading requirement: gcc-runtime/8.5.0-gcc-8.5.0-7fyorqa
    gmp/6.2.1-gcc-8.5.0-lrpcvy5 mpfr/4.2.1-gcc-8.5.0-ybeybcx
    mpc/1.3.1-gcc-8.5.0-cv2gjfw zlib-ng/2.1.6-gcc-8.5.0-ztbc5xt
    zstd/1.5.5-gcc-8.5.0-azepnn7
Model name:          Intel(R) Xeon(R) CPU E5-2650 v3 @ 2.30GHz
rm -f stream_c_1
gcc -O3 -march=native -DSTREAM_TYPE=double -DNTIMES=20  -DSTREAM_ARRAY_SIZE=128000000 stream.c -o stream_c_1
-------------------------------------------------------------
STREAM version $Revision: 5.10 $
-------------------------------------------------------------
This system uses 8 bytes per array element.
-------------------------------------------------------------
Array size = 128000000 (elements), Offset = 0 (elements)
Memory per array = 976.6 MiB (= 1.0 GiB).
Total memory required = 2929.7 MiB (= 2.9 GiB).
Each kernel will be executed 20 times.
 The *best* time for each kernel (excluding the first iteration)
 will be used to compute the reported bandwidth.
-------------------------------------------------------------
Your clock granularity/precision appears to be 1 microseconds.
Each test below will take on the order of 117023 microseconds.
   (= 117023 clock ticks)
Increase the size of the arrays if this shows that
you are not getting at least 20 clock ticks per test.
-------------------------------------------------------------
WARNING -- The above is only a rough guideline.
For best results, please be sure you know the
precision of your system timer.
-------------------------------------------------------------
Function    Best Rate MB/s  Avg time     Min time     Max time
Copy:           19132.1     0.107136     0.107045     0.107302
Scale:          11221.1     0.182580     0.182513     0.182755
Add:            12258.6     0.250722     0.250600     0.250854
Triad:          12267.8     0.250536     0.250412     0.250873
-------------------------------------------------------------
Solution Validates: avg error less than 1.000000e-13 on all three arrays
-------------------------------------------------------------
