Loading gcc/13.2.0-gcc-8.5.0-5hqhkwo
  Loading requirement: gcc-runtime/8.5.0-gcc-8.5.0-7fyorqa
    gmp/6.2.1-gcc-8.5.0-lrpcvy5 mpfr/4.2.1-gcc-8.5.0-ybeybcx
    mpc/1.3.1-gcc-8.5.0-cv2gjfw zlib-ng/2.1.6-gcc-8.5.0-ztbc5xt
    zstd/1.5.5-gcc-8.5.0-azepnn7

Loading openmpi/5.0.5
  Loading requirement: ucx/1.15.0-gcc-8.5.0-cnozz5i
Currently Loaded Modulefiles:
 1) gcc-runtime/8.5.0-gcc-8.5.0-7fyorqa   6) zstd/1.5.5-gcc-8.5.0-azepnn7  
 2) gmp/6.2.1-gcc-8.5.0-lrpcvy5           7) gcc/13.2.0-gcc-8.5.0-5hqhkwo  
 3) mpfr/4.2.1-gcc-8.5.0-ybeybcx          8) ucx/1.15.0-gcc-8.5.0-cnozz5i  
 4) mpc/1.3.1-gcc-8.5.0-cv2gjfw           9) openmpi/5.0.5                 
 5) zlib-ng/2.1.6-gcc-8.5.0-ztbc5xt      
rm -f main walltime.o   stats.o   data.o   operators.o   linalg.o   main.o output.*
mpic++ -O3 -c walltime.cpp
mpic++ -O3 -c stats.cpp
mpic++ -O3 -c data.cpp
mpic++ -O3 -c operators.cpp
mpic++ -O3 -c linalg.cpp
mpic++ -O3 -c main.cpp
mpic++ -O3 walltime.o   stats.o   data.o   operators.o   linalg.o   main.o -o main -lm
Running with 1 processes and n=64
Running with 2 processes and n=91
Running with 4 processes and n=128
Running with 8 processes and n=181
Running with 16 processes and n=256
